11:34:40.873 [main] INFO  o.q.s.TestModelJoin - [logStarting,55] - Starting TestModelJoin using Java 1.8.0_291 on DESKTOP-6BAV2RA with PID 18748 (started by QloPC-TBK in E:\Long_File\gits\quickjava\quickjava\quickjava-orm-boot-starter)
11:34:40.875 [main] INFO  o.q.s.TestModelJoin - [logStartupProfileInfo,680] - No active profile set, falling back to 1 default profile: "default"
11:34:42.311 [main] INFO  c.a.d.s.b.a.DruidDataSourceAutoConfigure - [dataSource,55] - Init DruidDataSource
11:34:42.566 [main] INFO  c.a.d.p.DruidDataSource - [init,996] - {dataSource-1} inited
11:34:43.227 [main] INFO  o.q.s.TestModelJoin - [logStarted,61] - Started TestModelJoin in 2.627 seconds (JVM running for 3.493)
11:35:05.805 [SpringApplicationShutdownHook] INFO  c.a.d.p.DruidDataSource - [close,2138] - {dataSource-1} closing ...
11:35:05.808 [SpringApplicationShutdownHook] INFO  c.a.d.p.DruidDataSource - [close,2211] - {dataSource-1} closed
11:38:03.733 [main] INFO  o.q.s.TestModelJoin - [logStarting,55] - Starting TestModelJoin using Java 1.8.0_291 on DESKTOP-6BAV2RA with PID 3036 (started by QloPC-TBK in E:\Long_File\gits\quickjava\quickjava\quickjava-orm-boot-starter)
11:38:03.736 [main] INFO  o.q.s.TestModelJoin - [logStartupProfileInfo,680] - No active profile set, falling back to 1 default profile: "default"
11:38:04.962 [main] INFO  c.a.d.s.b.a.DruidDataSourceAutoConfigure - [dataSource,55] - Init DruidDataSource
11:38:05.185 [main] INFO  c.a.d.p.DruidDataSource - [init,996] - {dataSource-1} inited
11:38:05.835 [main] INFO  o.q.s.TestModelJoin - [logStarted,61] - Started TestModelJoin in 2.339 seconds (JVM running for 3.012)
11:38:06.105 [SpringApplicationShutdownHook] INFO  c.a.d.p.DruidDataSource - [close,2138] - {dataSource-1} closing ...
11:38:06.106 [SpringApplicationShutdownHook] INFO  c.a.d.p.DruidDataSource - [close,2211] - {dataSource-1} closed
11:38:18.288 [main] INFO  o.q.s.TestModelJoin - [logStarting,55] - Starting TestModelJoin using Java 1.8.0_291 on DESKTOP-6BAV2RA with PID 25160 (started by QloPC-TBK in E:\Long_File\gits\quickjava\quickjava\quickjava-orm-boot-starter)
11:38:18.291 [main] INFO  o.q.s.TestModelJoin - [logStartupProfileInfo,680] - No active profile set, falling back to 1 default profile: "default"
11:38:19.507 [main] INFO  c.a.d.s.b.a.DruidDataSourceAutoConfigure - [dataSource,55] - Init DruidDataSource
11:38:19.714 [main] INFO  c.a.d.p.DruidDataSource - [init,996] - {dataSource-1} inited
11:38:20.327 [main] INFO  o.q.s.TestModelJoin - [logStarted,61] - Started TestModelJoin in 2.265 seconds (JVM running for 2.936)
11:38:27.223 [SpringApplicationShutdownHook] INFO  c.a.d.p.DruidDataSource - [close,2138] - {dataSource-1} closing ...
11:38:27.225 [SpringApplicationShutdownHook] INFO  c.a.d.p.DruidDataSource - [close,2211] - {dataSource-1} closed
11:40:27.923 [main] INFO  o.q.s.TestModelJoin - [logStarting,55] - Starting TestModelJoin using Java 1.8.0_291 on DESKTOP-6BAV2RA with PID 17664 (started by QloPC-TBK in E:\Long_File\gits\quickjava\quickjava\quickjava-orm-boot-starter)
11:40:27.925 [main] INFO  o.q.s.TestModelJoin - [logStartupProfileInfo,680] - No active profile set, falling back to 1 default profile: "default"
11:40:29.160 [main] INFO  c.a.d.s.b.a.DruidDataSourceAutoConfigure - [dataSource,55] - Init DruidDataSource
11:40:29.374 [main] INFO  c.a.d.p.DruidDataSource - [init,996] - {dataSource-1} inited
11:40:29.974 [main] INFO  o.q.s.TestModelJoin - [logStarted,61] - Started TestModelJoin in 2.301 seconds (JVM running for 2.964)
11:40:30.236 [SpringApplicationShutdownHook] INFO  c.a.d.p.DruidDataSource - [close,2138] - {dataSource-1} closing ...
11:40:30.237 [SpringApplicationShutdownHook] INFO  c.a.d.p.DruidDataSource - [close,2211] - {dataSource-1} closed
11:42:43.729 [main] INFO  o.q.s.TestModelJoin - [logStarting,55] - Starting TestModelJoin using Java 1.8.0_291 on DESKTOP-6BAV2RA with PID 23960 (started by QloPC-TBK in E:\Long_File\gits\quickjava\quickjava\quickjava-orm-boot-starter)
11:42:43.732 [main] INFO  o.q.s.TestModelJoin - [logStartupProfileInfo,680] - No active profile set, falling back to 1 default profile: "default"
11:42:44.929 [main] INFO  c.a.d.s.b.a.DruidDataSourceAutoConfigure - [dataSource,55] - Init DruidDataSource
11:42:45.119 [main] INFO  c.a.d.p.DruidDataSource - [init,996] - {dataSource-1} inited
11:42:45.701 [main] INFO  o.q.s.TestModelJoin - [logStarted,61] - Started TestModelJoin in 2.223 seconds (JVM running for 2.894)
11:42:47.465 [SpringApplicationShutdownHook] INFO  c.a.d.p.DruidDataSource - [close,2138] - {dataSource-1} closing ...
11:42:47.467 [SpringApplicationShutdownHook] INFO  c.a.d.p.DruidDataSource - [close,2211] - {dataSource-1} closed
11:43:23.249 [main] INFO  o.q.s.TestModelJoin - [logStarting,55] - Starting TestModelJoin using Java 1.8.0_291 on DESKTOP-6BAV2RA with PID 2212 (started by QloPC-TBK in E:\Long_File\gits\quickjava\quickjava\quickjava-orm-boot-starter)
11:43:23.252 [main] INFO  o.q.s.TestModelJoin - [logStartupProfileInfo,680] - No active profile set, falling back to 1 default profile: "default"
11:43:24.462 [main] INFO  c.a.d.s.b.a.DruidDataSourceAutoConfigure - [dataSource,55] - Init DruidDataSource
11:43:24.644 [main] INFO  c.a.d.p.DruidDataSource - [init,996] - {dataSource-1} inited
11:43:25.246 [main] INFO  o.q.s.TestModelJoin - [logStarted,61] - Started TestModelJoin in 2.235 seconds (JVM running for 2.903)
11:43:50.402 [SpringApplicationShutdownHook] INFO  c.a.d.p.DruidDataSource - [close,2138] - {dataSource-1} closing ...
11:43:50.406 [SpringApplicationShutdownHook] INFO  c.a.d.p.DruidDataSource - [close,2211] - {dataSource-1} closed
11:44:05.534 [main] INFO  o.q.s.TestModelJoin - [logStarting,55] - Starting TestModelJoin using Java 1.8.0_291 on DESKTOP-6BAV2RA with PID 12860 (started by QloPC-TBK in E:\Long_File\gits\quickjava\quickjava\quickjava-orm-boot-starter)
11:44:05.537 [main] INFO  o.q.s.TestModelJoin - [logStartupProfileInfo,680] - No active profile set, falling back to 1 default profile: "default"
11:44:06.718 [main] INFO  c.a.d.s.b.a.DruidDataSourceAutoConfigure - [dataSource,55] - Init DruidDataSource
11:44:06.903 [main] INFO  c.a.d.p.DruidDataSource - [init,996] - {dataSource-1} inited
11:44:07.530 [main] INFO  o.q.s.TestModelJoin - [logStarted,61] - Started TestModelJoin in 2.223 seconds (JVM running for 2.921)
11:44:20.744 [SpringApplicationShutdownHook] INFO  c.a.d.p.DruidDataSource - [close,2138] - {dataSource-1} closing ...
11:44:20.747 [SpringApplicationShutdownHook] INFO  c.a.d.p.DruidDataSource - [close,2211] - {dataSource-1} closed
11:44:24.299 [main] INFO  o.q.s.TestModelJoin - [logStarting,55] - Starting TestModelJoin using Java 1.8.0_291 on DESKTOP-6BAV2RA with PID 16796 (started by QloPC-TBK in E:\Long_File\gits\quickjava\quickjava\quickjava-orm-boot-starter)
11:44:24.302 [main] INFO  o.q.s.TestModelJoin - [logStartupProfileInfo,680] - No active profile set, falling back to 1 default profile: "default"
11:44:25.505 [main] INFO  c.a.d.s.b.a.DruidDataSourceAutoConfigure - [dataSource,55] - Init DruidDataSource
11:44:25.733 [main] INFO  c.a.d.p.DruidDataSource - [init,996] - {dataSource-1} inited
11:44:26.405 [main] INFO  o.q.s.TestModelJoin - [logStarted,61] - Started TestModelJoin in 2.364 seconds (JVM running for 3.056)
11:44:41.952 [SpringApplicationShutdownHook] INFO  c.a.d.p.DruidDataSource - [close,2138] - {dataSource-1} closing ...
11:44:41.954 [SpringApplicationShutdownHook] INFO  c.a.d.p.DruidDataSource - [close,2211] - {dataSource-1} closed
11:51:27.889 [main] INFO  o.q.s.TestModelJoin - [logStarting,55] - Starting TestModelJoin using Java 1.8.0_291 on DESKTOP-6BAV2RA with PID 14296 (started by QloPC-TBK in E:\Long_File\gits\quickjava\quickjava\quickjava-orm-boot-starter)
11:51:27.892 [main] INFO  o.q.s.TestModelJoin - [logStartupProfileInfo,680] - No active profile set, falling back to 1 default profile: "default"
11:51:29.151 [main] INFO  c.a.d.s.b.a.DruidDataSourceAutoConfigure - [dataSource,55] - Init DruidDataSource
11:51:29.345 [main] INFO  c.a.d.p.DruidDataSource - [init,996] - {dataSource-1} inited
11:51:29.951 [main] INFO  o.q.s.TestModelJoin - [logStarted,61] - Started TestModelJoin in 2.292 seconds (JVM running for 2.962)
11:51:31.779 [SpringApplicationShutdownHook] INFO  c.a.d.p.DruidDataSource - [close,2138] - {dataSource-1} closing ...
11:51:31.782 [SpringApplicationShutdownHook] INFO  c.a.d.p.DruidDataSource - [close,2211] - {dataSource-1} closed
11:52:24.045 [main] INFO  o.q.s.TestModelJoin - [logStarting,55] - Starting TestModelJoin using Java 1.8.0_291 on DESKTOP-6BAV2RA with PID 18448 (started by QloPC-TBK in E:\Long_File\gits\quickjava\quickjava\quickjava-orm-boot-starter)
11:52:24.048 [main] INFO  o.q.s.TestModelJoin - [logStartupProfileInfo,680] - No active profile set, falling back to 1 default profile: "default"
11:52:25.272 [main] INFO  c.a.d.s.b.a.DruidDataSourceAutoConfigure - [dataSource,55] - Init DruidDataSource
11:52:25.478 [main] INFO  c.a.d.p.DruidDataSource - [init,996] - {dataSource-1} inited
11:52:26.116 [main] INFO  o.q.s.TestModelJoin - [logStarted,61] - Started TestModelJoin in 2.308 seconds (JVM running for 3.016)
11:52:27.860 [SpringApplicationShutdownHook] INFO  c.a.d.p.DruidDataSource - [close,2138] - {dataSource-1} closing ...
11:52:27.863 [SpringApplicationShutdownHook] INFO  c.a.d.p.DruidDataSource - [close,2211] - {dataSource-1} closed
11:53:47.118 [main] INFO  o.q.s.TestModelJoin - [logStarting,55] - Starting TestModelJoin using Java 1.8.0_291 on DESKTOP-6BAV2RA with PID 11036 (started by QloPC-TBK in E:\Long_File\gits\quickjava\quickjava\quickjava-orm-boot-starter)
11:53:47.121 [main] INFO  o.q.s.TestModelJoin - [logStartupProfileInfo,680] - No active profile set, falling back to 1 default profile: "default"
11:53:48.359 [main] INFO  c.a.d.s.b.a.DruidDataSourceAutoConfigure - [dataSource,55] - Init DruidDataSource
11:53:48.572 [main] INFO  c.a.d.p.DruidDataSource - [init,996] - {dataSource-1} inited
11:53:49.187 [main] INFO  o.q.s.TestModelJoin - [logStarted,61] - Started TestModelJoin in 2.295 seconds (JVM running for 2.956)
11:53:50.980 [SpringApplicationShutdownHook] INFO  c.a.d.p.DruidDataSource - [close,2138] - {dataSource-1} closing ...
11:53:50.983 [SpringApplicationShutdownHook] INFO  c.a.d.p.DruidDataSource - [close,2211] - {dataSource-1} closed
11:54:11.788 [main] INFO  o.q.s.TestModelJoin - [logStarting,55] - Starting TestModelJoin using Java 1.8.0_291 on DESKTOP-6BAV2RA with PID 4244 (started by QloPC-TBK in E:\Long_File\gits\quickjava\quickjava\quickjava-orm-boot-starter)
11:54:11.792 [main] INFO  o.q.s.TestModelJoin - [logStartupProfileInfo,680] - No active profile set, falling back to 1 default profile: "default"
11:54:12.989 [main] INFO  c.a.d.s.b.a.DruidDataSourceAutoConfigure - [dataSource,55] - Init DruidDataSource
11:54:13.197 [main] INFO  c.a.d.p.DruidDataSource - [init,996] - {dataSource-1} inited
11:54:13.820 [main] INFO  o.q.s.TestModelJoin - [logStarted,61] - Started TestModelJoin in 2.265 seconds (JVM running for 2.992)
11:54:49.073 [SpringApplicationShutdownHook] INFO  c.a.d.p.DruidDataSource - [close,2138] - {dataSource-1} closing ...
11:54:49.076 [SpringApplicationShutdownHook] INFO  c.a.d.p.DruidDataSource - [close,2211] - {dataSource-1} closed
11:55:07.200 [main] INFO  o.q.s.TestModelJoin - [logStarting,55] - Starting TestModelJoin using Java 1.8.0_291 on DESKTOP-6BAV2RA with PID 4256 (started by QloPC-TBK in E:\Long_File\gits\quickjava\quickjava\quickjava-orm-boot-starter)
11:55:07.202 [main] INFO  o.q.s.TestModelJoin - [logStartupProfileInfo,680] - No active profile set, falling back to 1 default profile: "default"
11:55:08.431 [main] INFO  c.a.d.s.b.a.DruidDataSourceAutoConfigure - [dataSource,55] - Init DruidDataSource
11:55:08.628 [main] INFO  c.a.d.p.DruidDataSource - [init,996] - {dataSource-1} inited
11:55:09.246 [main] INFO  o.q.s.TestModelJoin - [logStarted,61] - Started TestModelJoin in 2.283 seconds (JVM running for 3.034)
11:55:37.057 [SpringApplicationShutdownHook] INFO  c.a.d.p.DruidDataSource - [close,2138] - {dataSource-1} closing ...
11:55:37.058 [SpringApplicationShutdownHook] INFO  c.a.d.p.DruidDataSource - [close,2211] - {dataSource-1} closed
11:56:00.361 [main] INFO  o.q.s.TestModelJoin - [logStarting,55] - Starting TestModelJoin using Java 1.8.0_291 on DESKTOP-6BAV2RA with PID 6700 (started by QloPC-TBK in E:\Long_File\gits\quickjava\quickjava\quickjava-orm-boot-starter)
11:56:00.363 [main] INFO  o.q.s.TestModelJoin - [logStartupProfileInfo,680] - No active profile set, falling back to 1 default profile: "default"
11:56:01.581 [main] INFO  c.a.d.s.b.a.DruidDataSourceAutoConfigure - [dataSource,55] - Init DruidDataSource
11:56:01.789 [main] INFO  c.a.d.p.DruidDataSource - [init,996] - {dataSource-1} inited
11:56:02.393 [main] INFO  o.q.s.TestModelJoin - [logStarted,61] - Started TestModelJoin in 2.265 seconds (JVM running for 2.93)
11:56:12.890 [SpringApplicationShutdownHook] INFO  c.a.d.p.DruidDataSource - [close,2138] - {dataSource-1} closing ...
11:56:12.892 [SpringApplicationShutdownHook] INFO  c.a.d.p.DruidDataSource - [close,2211] - {dataSource-1} closed
11:56:30.809 [main] INFO  o.q.s.TestModelJoin - [logStarting,55] - Starting TestModelJoin using Java 1.8.0_291 on DESKTOP-6BAV2RA with PID 5420 (started by QloPC-TBK in E:\Long_File\gits\quickjava\quickjava\quickjava-orm-boot-starter)
11:56:30.812 [main] INFO  o.q.s.TestModelJoin - [logStartupProfileInfo,680] - No active profile set, falling back to 1 default profile: "default"
11:56:31.993 [main] INFO  c.a.d.s.b.a.DruidDataSourceAutoConfigure - [dataSource,55] - Init DruidDataSource
11:56:32.190 [main] INFO  c.a.d.p.DruidDataSource - [init,996] - {dataSource-1} inited
11:56:33.223 [main] INFO  o.q.s.TestModelJoin - [logStarted,61] - Started TestModelJoin in 2.644 seconds (JVM running for 3.313)
11:57:03.621 [SpringApplicationShutdownHook] INFO  c.a.d.p.DruidDataSource - [close,2138] - {dataSource-1} closing ...
11:57:03.622 [SpringApplicationShutdownHook] INFO  c.a.d.p.DruidDataSource - [close,2211] - {dataSource-1} closed
11:58:00.797 [main] INFO  o.q.s.TestModelJoin - [logStarting,55] - Starting TestModelJoin using Java 1.8.0_291 on DESKTOP-6BAV2RA with PID 23336 (started by QloPC-TBK in E:\Long_File\gits\quickjava\quickjava\quickjava-orm-boot-starter)
11:58:00.799 [main] INFO  o.q.s.TestModelJoin - [logStartupProfileInfo,680] - No active profile set, falling back to 1 default profile: "default"
11:58:02.055 [main] INFO  c.a.d.s.b.a.DruidDataSourceAutoConfigure - [dataSource,55] - Init DruidDataSource
11:58:02.250 [main] INFO  c.a.d.p.DruidDataSource - [init,996] - {dataSource-1} inited
11:58:02.885 [main] INFO  o.q.s.TestModelJoin - [logStarted,61] - Started TestModelJoin in 2.314 seconds (JVM running for 3.006)
11:58:09.635 [SpringApplicationShutdownHook] INFO  c.a.d.p.DruidDataSource - [close,2138] - {dataSource-1} closing ...
11:58:09.641 [SpringApplicationShutdownHook] INFO  c.a.d.p.DruidDataSource - [close,2211] - {dataSource-1} closed
12:03:15.355 [main] INFO  o.q.s.TestModelJoin - [logStarting,55] - Starting TestModelJoin using Java 1.8.0_291 on DESKTOP-6BAV2RA with PID 24020 (started by QloPC-TBK in E:\Long_File\gits\quickjava\quickjava\quickjava-orm-boot-starter)
12:03:15.357 [main] INFO  o.q.s.TestModelJoin - [logStartupProfileInfo,680] - No active profile set, falling back to 1 default profile: "default"
12:03:16.536 [main] INFO  c.a.d.s.b.a.DruidDataSourceAutoConfigure - [dataSource,55] - Init DruidDataSource
12:03:16.753 [main] INFO  c.a.d.p.DruidDataSource - [init,996] - {dataSource-1} inited
12:03:17.327 [main] INFO  o.q.s.TestModelJoin - [logStarted,61] - Started TestModelJoin in 2.196 seconds (JVM running for 2.863)
12:04:01.015 [SpringApplicationShutdownHook] INFO  c.a.d.p.DruidDataSource - [close,2138] - {dataSource-1} closing ...
12:04:01.020 [SpringApplicationShutdownHook] INFO  c.a.d.p.DruidDataSource - [close,2211] - {dataSource-1} closed
12:04:39.087 [main] INFO  o.q.s.TestModelJoin - [logStarting,55] - Starting TestModelJoin using Java 1.8.0_291 on DESKTOP-6BAV2RA with PID 25180 (started by QloPC-TBK in E:\Long_File\gits\quickjava\quickjava\quickjava-orm-boot-starter)
12:04:39.089 [main] INFO  o.q.s.TestModelJoin - [logStartupProfileInfo,680] - No active profile set, falling back to 1 default profile: "default"
12:04:40.242 [main] INFO  c.a.d.s.b.a.DruidDataSourceAutoConfigure - [dataSource,55] - Init DruidDataSource
12:04:40.460 [main] INFO  c.a.d.p.DruidDataSource - [init,996] - {dataSource-1} inited
12:04:41.091 [main] INFO  o.q.s.TestModelJoin - [logStarted,61] - Started TestModelJoin in 2.269 seconds (JVM running for 2.952)
12:06:20.393 [SpringApplicationShutdownHook] INFO  c.a.d.p.DruidDataSource - [close,2138] - {dataSource-1} closing ...
12:06:20.397 [SpringApplicationShutdownHook] INFO  c.a.d.p.DruidDataSource - [close,2211] - {dataSource-1} closed
12:13:28.778 [main] INFO  o.q.s.TestModelJoin - [logStarting,55] - Starting TestModelJoin using Java 1.8.0_291 on DESKTOP-6BAV2RA with PID 11188 (started by QloPC-TBK in E:\Long_File\gits\quickjava\quickjava\quickjava-orm-boot-starter)
12:13:28.780 [main] INFO  o.q.s.TestModelJoin - [logStartupProfileInfo,680] - No active profile set, falling back to 1 default profile: "default"
12:13:30.252 [main] INFO  c.a.d.s.b.a.DruidDataSourceAutoConfigure - [dataSource,55] - Init DruidDataSource
12:13:30.513 [main] INFO  c.a.d.p.DruidDataSource - [init,996] - {dataSource-1} inited
12:13:31.171 [main] INFO  o.q.s.TestModelJoin - [logStarted,61] - Started TestModelJoin in 2.667 seconds (JVM running for 3.464)
12:13:56.774 [SpringApplicationShutdownHook] INFO  c.a.d.p.DruidDataSource - [close,2138] - {dataSource-1} closing ...
12:13:56.777 [SpringApplicationShutdownHook] INFO  c.a.d.p.DruidDataSource - [close,2211] - {dataSource-1} closed
12:13:59.116 [main] INFO  o.q.s.TestModelJoin - [logStarting,55] - Starting TestModelJoin using Java 1.8.0_291 on DESKTOP-6BAV2RA with PID 5132 (started by QloPC-TBK in E:\Long_File\gits\quickjava\quickjava\quickjava-orm-boot-starter)
12:13:59.120 [main] INFO  o.q.s.TestModelJoin - [logStartupProfileInfo,680] - No active profile set, falling back to 1 default profile: "default"
12:14:00.413 [main] INFO  c.a.d.s.b.a.DruidDataSourceAutoConfigure - [dataSource,55] - Init DruidDataSource
12:14:00.658 [main] INFO  c.a.d.p.DruidDataSource - [init,996] - {dataSource-1} inited
12:14:01.273 [main] INFO  o.q.s.TestModelJoin - [logStarted,61] - Started TestModelJoin in 2.395 seconds (JVM running for 3.117)
12:14:34.531 [SpringApplicationShutdownHook] INFO  c.a.d.p.DruidDataSource - [close,2138] - {dataSource-1} closing ...
12:14:34.534 [SpringApplicationShutdownHook] INFO  c.a.d.p.DruidDataSource - [close,2211] - {dataSource-1} closed
