17:55:20.374 [main] INFO  o.q.o.s.TestModelJoin - [logStarting,55] - Starting TestModelJoin using Java 1.8.0_291 on DESKTOP-6BAV2RA with PID 22788 (started by QloPC-TBK in E:\Long_File\gits\quickjava\quickjava\quickjava-orm-boot-starter)
17:55:20.376 [main] DEBUG o.q.o.s.TestModelJoin - [logStarting,56] - Running with Spring Boot v2.5.15, Spring v5.3.29
17:55:20.377 [main] INFO  o.q.o.s.TestModelJoin - [logStartupProfileInfo,680] - No active profile set, falling back to 1 default profile: "default"
17:55:20.713 [main] DEBUG c.b.m.a.MybatisPlusAutoConfiguration - [registerBeanDefinitions,278] - Searching for mappers annotated with @Mapper
17:55:20.714 [main] DEBUG c.b.m.a.MybatisPlusAutoConfiguration - [lambda$registerBeanDefinitions$0,282] - Using auto-configuration base package 'org.quickjava.orm.spring'
17:55:20.781 [main] DEBUG o.a.i.l.LogFactory - [setImplementation,105] - Logging initialized using 'class org.apache.ibatis.logging.slf4j.Slf4jImpl' adapter.
17:55:20.785 [main] WARN  o.m.s.m.ClassPathMapperScanner - [warn,44] - No MyBatis mapper was found in '[org.quickjava.orm.spring]' package. Please check your configuration.
17:55:20.931 [main] DEBUG o.a.c.c.AprLifecycleListener - [log,175] - The Apache Tomcat Native library could not be found using names [tcnative-2, libtcnative-2, tcnative-1, libtcnative-1] on the java.library.path [D:\Program Files\Java\jdk1.8.0_291\bin;C:\WINDOWS\Sun\Java\bin;C:\WINDOWS\system32;C:\WINDOWS;C:\Program Files\Common Files\Oracle\Java\javapath;C:\Windows\system32;C:\Windows;C:\Windows\System32\Wbem;C:\Windows\System32\WindowsPowerShell\v1.0\;C:\Windows\System32\OpenSSH\;C:\Program Files (x86)\NVIDIA Corporation\PhysX\Common;D:\Program Files\Java\jdk1.8.0_291\bin;D:\Program Files (x86)\NetSarang\Xmanager 7\;D:\Program Files (x86)\NetSarang\Xshell 7\;D:\Program Files (x86)\NetSarang\Xftp 7\;D:\Program Files (x86)\NetSarang\Xlpd 7\;D:\Program Files\Go1211\bin;C:\Users\QloPC-TBK\AppData\Roaming\Python\Python38\Scripts;D:\BtSoft\panel\script;D:\Program Files (x86)\Tencent\微信web开发者工具\dll;D:\Program Files\Git\cmd;D:\JavaWeb\maven3\bin;D:\Program Files (x86)\Gpg4win\..\GnuPG\bin;C:\Program Files\TortoiseSVN\bin;D:\msys64\mingw64\bin;C:\Program Files\Microsoft SQL Server\150\Tools\Binn\;D:\Windows Kits\10\Windows Performance Toolkit\;C:\ProgramData\ComposerSetup\bin;D:\phpstudy_pro\Extensions\php\php8.0.2nts;D:\develop\nvm;C:\Program Files\nodejs;D:\Android\SDK\platform-tools;D:\Program Files\CMake\bin;D:\JavaWeb\gradle-8.8\bin;D:\develop\ninja-win;C:\WINDOWS\system32;C:\WINDOWS;C:\WINDOWS\System32\Wbem;C:\WINDOWS\System32\WindowsPowerShell\v1.0\;C:\WINDOWS\System32\OpenSSH\;C:\Program Files\nodejs\node_global;C:\Program Files\dotnet\;D:\Program Files (x86)\pcsuite\;D:\ProgramData\anaconda3\condabin;C:\Users\QloPC-TBK\AppData\Local\Microsoft\WindowsApps;C:\Users\QloPC-TBK\go\bin;C:\Users\QloPC-TBK\AppData\Roaming\Composer\vendor\bin;D:\develop\nvm;C:\Program Files\nodejs;;.]. The errors reported were [Can't load library: E:\Long_File\gits\quickjava\quickjava\quickjava-orm-boot-starter\bin\tcnative-2.dll, Can't load library: E:\Long_File\gits\quickjava\quickjava\quickjava-orm-boot-starter\bin\libtcnative-2.dll, Can't load library: E:\Long_File\gits\quickjava\quickjava\quickjava-orm-boot-starter\bin\tcnative-1.dll, Can't load library: E:\Long_File\gits\quickjava\quickjava\quickjava-orm-boot-starter\bin\libtcnative-1.dll, no tcnative-2 in java.library.path, no libtcnative-2 in java.library.path, no tcnative-1 in java.library.path, no libtcnative-1 in java.library.path]
org.apache.tomcat.jni.LibraryNotFoundError: Can't load library: E:\Long_File\gits\quickjava\quickjava\quickjava-orm-boot-starter\bin\tcnative-2.dll, Can't load library: E:\Long_File\gits\quickjava\quickjava\quickjava-orm-boot-starter\bin\libtcnative-2.dll, Can't load library: E:\Long_File\gits\quickjava\quickjava\quickjava-orm-boot-starter\bin\tcnative-1.dll, Can't load library: E:\Long_File\gits\quickjava\quickjava\quickjava-orm-boot-starter\bin\libtcnative-1.dll, no tcnative-2 in java.library.path, no libtcnative-2 in java.library.path, no tcnative-1 in java.library.path, no libtcnative-1 in java.library.path
	at org.apache.tomcat.jni.Library.<init>(Library.java:91)
	at org.apache.tomcat.jni.Library.initialize(Library.java:232)
	at org.apache.catalina.core.AprLifecycleListener.init(AprLifecycleListener.java:194)
	at org.apache.catalina.core.AprLifecycleListener.isAprAvailable(AprLifecycleListener.java:107)
	at org.springframework.boot.web.embedded.tomcat.TomcatServletWebServerFactory.getDefaultServerLifecycleListeners(TomcatServletWebServerFactory.java:175)
	at org.springframework.boot.web.embedded.tomcat.TomcatServletWebServerFactory.<init>(TomcatServletWebServerFactory.java:122)
	at org.springframework.boot.autoconfigure.web.servlet.ServletWebServerFactoryConfiguration$EmbeddedTomcat.tomcatServletWebServerFactory(ServletWebServerFactoryConfiguration.java:76)
	at sun.reflect.NativeMethodAccessorImpl.invoke0(Native Method)
	at sun.reflect.NativeMethodAccessorImpl.invoke(NativeMethodAccessorImpl.java:62)
	at sun.reflect.DelegatingMethodAccessorImpl.invoke(DelegatingMethodAccessorImpl.java:43)
	at java.lang.reflect.Method.invoke(Method.java:498)
	at org.springframework.beans.factory.support.SimpleInstantiationStrategy.instantiate(SimpleInstantiationStrategy.java:154)
	at org.springframework.beans.factory.support.ConstructorResolver.instantiate(ConstructorResolver.java:653)
	at org.springframework.beans.factory.support.ConstructorResolver.instantiateUsingFactoryMethod(ConstructorResolver.java:638)
	at org.springframework.beans.factory.support.AbstractAutowireCapableBeanFactory.instantiateUsingFactoryMethod(AbstractAutowireCapableBeanFactory.java:1352)
	at org.springframework.beans.factory.support.AbstractAutowireCapableBeanFactory.createBeanInstance(AbstractAutowireCapableBeanFactory.java:1195)
	at org.springframework.beans.factory.support.AbstractAutowireCapableBeanFactory.doCreateBean(AbstractAutowireCapableBeanFactory.java:582)
	at org.springframework.beans.factory.support.AbstractAutowireCapableBeanFactory.createBean(AbstractAutowireCapableBeanFactory.java:542)
	at org.springframework.beans.factory.support.AbstractBeanFactory.lambda$doGetBean$0(AbstractBeanFactory.java:335)
	at org.springframework.beans.factory.support.DefaultSingletonBeanRegistry.getSingleton(DefaultSingletonBeanRegistry.java:234)
	at org.springframework.beans.factory.support.AbstractBeanFactory.doGetBean(AbstractBeanFactory.java:333)
	at org.springframework.beans.factory.support.AbstractBeanFactory.getBean(AbstractBeanFactory.java:208)
	at org.springframework.beans.factory.support.DefaultListableBeanFactory.preInstantiateSingletons(DefaultListableBeanFactory.java:955)
	at org.springframework.context.support.AbstractApplicationContext.finishBeanFactoryInitialization(AbstractApplicationContext.java:921)
	at org.springframework.context.support.AbstractApplicationContext.refresh(AbstractApplicationContext.java:583)
	at org.springframework.boot.SpringApplication.refresh(SpringApplication.java:780)
	at org.springframework.boot.SpringApplication.refreshContext(SpringApplication.java:453)
	at org.springframework.boot.SpringApplication.run(SpringApplication.java:343)
	at org.springframework.boot.test.context.SpringBootContextLoader.loadContext(SpringBootContextLoader.java:136)
	at org.springframework.test.context.cache.DefaultCacheAwareContextLoaderDelegate.loadContextInternal(DefaultCacheAwareContextLoaderDelegate.java:141)
	at org.springframework.test.context.cache.DefaultCacheAwareContextLoaderDelegate.loadContext(DefaultCacheAwareContextLoaderDelegate.java:90)
	at org.springframework.test.context.support.DefaultTestContext.getApplicationContext(DefaultTestContext.java:124)
	at org.springframework.test.context.web.ServletTestExecutionListener.setUpRequestContextIfNecessary(ServletTestExecutionListener.java:190)
	at org.springframework.test.context.web.ServletTestExecutionListener.prepareTestInstance(ServletTestExecutionListener.java:132)
	at org.springframework.test.context.TestContextManager.prepareTestInstance(TestContextManager.java:248)
	at org.springframework.test.context.junit4.SpringJUnit4ClassRunner.createTest(SpringJUnit4ClassRunner.java:227)
	at org.springframework.test.context.junit4.SpringJUnit4ClassRunner$1.runReflectiveCall(SpringJUnit4ClassRunner.java:289)
	at org.junit.internal.runners.model.ReflectiveCallable.run(ReflectiveCallable.java:12)
	at org.springframework.test.context.junit4.SpringJUnit4ClassRunner.methodBlock(SpringJUnit4ClassRunner.java:291)
	at org.springframework.test.context.junit4.SpringJUnit4ClassRunner.runChild(SpringJUnit4ClassRunner.java:246)
	at org.springframework.test.context.junit4.SpringJUnit4ClassRunner.runChild(SpringJUnit4ClassRunner.java:97)
	at org.junit.runners.ParentRunner$3.run(ParentRunner.java:290)
	at org.junit.runners.ParentRunner$1.schedule(ParentRunner.java:71)
	at org.junit.runners.ParentRunner.runChildren(ParentRunner.java:288)
	at org.junit.runners.ParentRunner.access$000(ParentRunner.java:58)
	at org.junit.runners.ParentRunner$2.evaluate(ParentRunner.java:268)
	at org.springframework.test.context.junit4.statements.RunBeforeTestClassCallbacks.evaluate(RunBeforeTestClassCallbacks.java:61)
	at org.springframework.test.context.junit4.statements.RunAfterTestClassCallbacks.evaluate(RunAfterTestClassCallbacks.java:70)
	at org.junit.runners.ParentRunner.run(ParentRunner.java:363)
	at org.springframework.test.context.junit4.SpringJUnit4ClassRunner.run(SpringJUnit4ClassRunner.java:190)
	at org.junit.runner.JUnitCore.run(JUnitCore.java:137)
	at com.intellij.junit4.JUnit4IdeaTestRunner.startRunnerWithArgs(JUnit4IdeaTestRunner.java:69)
	at com.intellij.rt.junit.IdeaTestRunner$Repeater$1.execute(IdeaTestRunner.java:38)
	at com.intellij.rt.execution.junit.TestsRepeater.repeat(TestsRepeater.java:11)
	at com.intellij.rt.junit.IdeaTestRunner$Repeater.startRunnerWithArgs(IdeaTestRunner.java:35)
	at com.intellij.rt.junit.JUnitStarter.prepareStreamsAndStart(JUnitStarter.java:232)
	at com.intellij.rt.junit.JUnitStarter.main(JUnitStarter.java:55)
17:55:21.241 [main] DEBUG _.s.w.s.H.Mappings - [detectHandlerMethods,295] - 
	o.s.b.a.w.s.e.BasicErrorController:
	{ [/error], produces [text/html]}: errorHtml(HttpServletRequest,HttpServletResponse)
	{ [/error]}: error(HttpServletRequest)
17:55:21.293 [main] DEBUG _.s.w.s.H.Mappings - [detectHandlers,86] - 'beanNameHandlerMapping' {}
17:55:21.313 [main] DEBUG _.s.w.s.H.Mappings - [logMappings,177] - 'resourceHandlerMapping' {/webjars/**=ResourceHttpRequestHandler [classpath [META-INF/resources/webjars/]], /**=ResourceHttpRequestHandler [classpath [META-INF/resources/], classpath [resources/], classpath [static/], classpath [public/], ServletContext [/]]}
17:55:21.408 [main] INFO  c.a.d.s.b.a.DruidDataSourceAutoConfigure - [dataSource,55] - Init DruidDataSource
17:55:21.563 [main] INFO  c.a.d.p.DruidDataSource - [init,996] - {dataSource-1} inited
17:55:21.575 [main] DEBUG c.b.m.a.MybatisPlusAutoConfiguration - [afterPropertiesSet,314] - Not found configuration for registering mapper bean using @MapperScan, MapperFactoryBean and MapperScannerConfigurer.
17:55:21.644 [main] DEBUG c.b.m.e.s.MybatisSqlSessionFactoryBean - [debug,49] - Property 'mapperLocations' was not specified.
17:55:22.231 [main] DEBUG o.q.o.s.l.SpringLoader - [loadModels,119] - Load model entities, in package: org.quickjava.orm.spring
17:55:22.232 [main] DEBUG o.q.o.s.l.SpringLoader - [loadModels,142] - Load completed 0 models.
17:55:22.236 [main] DEBUG o.q.o.s.l.SpringLoader - [lambda$loadModels$0,131] - Load model entity: org.quickjava.orm.spring.domain.entity.Article
17:55:22.273 [main] DEBUG o.q.orm.model.Model - [initModel,979] - cache model meta. clazz=class org.quickjava.orm.spring.domain.entity.Article
17:55:22.275 [main] DEBUG o.q.o.s.l.SpringLoader - [lambda$loadModels$0,131] - Load model entity: org.quickjava.orm.spring.domain.entity.ArticleTag
17:55:22.277 [main] DEBUG o.q.orm.model.Model - [initModel,979] - cache model meta. clazz=class org.quickjava.orm.spring.domain.entity.ArticleTag
17:55:22.277 [main] DEBUG o.q.o.s.l.SpringLoader - [lambda$loadModels$0,131] - Load model entity: org.quickjava.orm.spring.domain.entity.BaseSimpleEntity
17:55:22.278 [main] DEBUG o.q.orm.model.Model - [initModel,979] - cache model meta. clazz=class org.quickjava.orm.spring.domain.entity.BaseSimpleEntity
17:55:22.279 [main] DEBUG o.q.o.s.l.SpringLoader - [lambda$loadModels$0,131] - Load model entity: org.quickjava.orm.spring.domain.entity.Comment
17:55:22.279 [main] DEBUG o.q.orm.model.Model - [initModel,979] - cache model meta. clazz=class org.quickjava.orm.spring.domain.entity.Comment
17:55:22.279 [main] DEBUG o.q.o.s.l.SpringLoader - [lambda$loadModels$0,131] - Load model entity: org.quickjava.orm.spring.domain.entity.SysApp
17:55:22.281 [main] DEBUG o.q.orm.model.Model - [initModel,979] - cache model meta. clazz=class org.quickjava.orm.spring.domain.entity.SysApp
17:55:22.282 [main] DEBUG o.q.o.s.l.SpringLoader - [lambda$loadModels$0,131] - Load model entity: org.quickjava.orm.spring.domain.entity.SysAppFavoriteModel
17:55:22.282 [main] DEBUG o.q.orm.model.Model - [initModel,979] - cache model meta. clazz=class org.quickjava.orm.spring.domain.entity.SysAppFavoriteModel
17:55:22.283 [main] DEBUG o.q.o.s.l.SpringLoader - [lambda$loadModels$0,131] - Load model entity: org.quickjava.orm.spring.domain.entity.SysAppLatest
17:55:22.283 [main] DEBUG o.q.orm.model.Model - [initModel,979] - cache model meta. clazz=class org.quickjava.orm.spring.domain.entity.SysAppLatest
17:55:22.283 [main] DEBUG o.q.o.s.l.SpringLoader - [lambda$loadModels$0,131] - Load model entity: org.quickjava.orm.spring.domain.entity.SysUser
17:55:22.284 [main] DEBUG o.q.orm.model.Model - [initModel,979] - cache model meta. clazz=class org.quickjava.orm.spring.domain.entity.SysUser
17:55:22.285 [main] DEBUG o.q.o.s.l.SpringLoader - [lambda$loadModels$0,131] - Load model entity: org.quickjava.orm.spring.domain.entity.User
17:55:22.286 [main] DEBUG o.q.orm.model.Model - [initModel,979] - cache model meta. clazz=class org.quickjava.orm.spring.domain.entity.User
17:55:22.577 [Druid-ConnectionPool-Create-71148574] DEBUG jdk.event.security - [log,71] - X509Certificate: Alg:SHA1withDSA, Serial:10, Subject:CN=JCE Code Signing CA, OU=Java Software Code Signing, O=Sun Microsystems Inc, L=Palo Alto, ST=CA, C=US, Issuer:CN=JCE Code Signing CA, OU=Java Software Code Signing, O=Sun Microsystems Inc, L=Palo Alto, ST=CA, C=US, Key type:DSA, Length:1024, Cert Id:1776909028, Valid from:Wed Apr 25 15:00:00 CST 2001, Valid until:Sat Apr 25 15:00:00 CST 2020
17:55:22.578 [Druid-ConnectionPool-Create-71148574] DEBUG jdk.event.security - [log,71] - X509Certificate: Alg:SHA1withDSA, Serial:40216811, Subject:CN=JCE Code Signing CA, OU=IBM Code Signing, O=IBM Corporation, C=US, Issuer:CN=JCE Code Signing CA, OU=IBM Code Signing, O=IBM Corporation, C=US, Key type:DSA, Length:1024, Cert Id:-1826632887, Valid from:Thu Feb 05 05:45:53 CST 2004, Valid until:Wed May 27 04:45:53 CST 2020
17:55:22.891 [Druid-ConnectionPool-Create-71148574] DEBUG jdk.event.security - [log,71] - X509Certificate: Alg:SHA1withDSA, Serial:37f939e5, Subject:CN=JCE Development, OU=Java Software, O=Sun Microsystems, L=Cupertino, ST=CA, C=US, Issuer:CN=JCE Development, OU=Java Software, O=Sun Microsystems, L=Cupertino, ST=CA, C=US, Key type:DSA, Length:1024, Cert Id:437846785, Valid from:Tue Oct 05 07:36:05 CST 1999, Valid until:Wed Oct 04 07:36:05 CST 2000
17:55:22.892 [Druid-ConnectionPool-Create-71148574] DEBUG jdk.event.security - [log,71] - X509Certificate: Alg:MD5withRSA, Serial:1, Subject:CN=JCE Development, OU=Java Software, O=Sun Microsystems, L=Cupertino, ST=CA, C=US, Issuer:CN=JCE Development, OU=Java Software, O=Sun Microsystems, L=Cupertino, ST=CA, C=US, Key type:RSA, Length:512, Cert Id:-349125968, Valid from:Thu Oct 31 23:27:44 CST 2002, Valid until:Wed Oct 31 23:27:44 CST 2007
17:55:22.892 [Druid-ConnectionPool-Create-71148574] DEBUG jdk.event.security - [log,71] - X509Certificate: Alg:MD5withRSA, Serial:2, Subject:CN=JCE Development, OU=Java Software, O=Sun Microsystems, L=Cupertino, ST=CA, C=US, Issuer:CN=JCE Development, OU=Java Software, O=Sun Microsystems, L=Cupertino, ST=CA, C=US, Key type:RSA, Length:512, Cert Id:1200127482, Valid from:Thu Oct 31 23:27:44 CST 2002, Valid until:Wed Oct 31 23:27:44 CST 2007
17:55:23.364 [Druid-ConnectionPool-Create-71148574] DEBUG jdk.event.security - [log,71] - X509Certificate: Alg:SHA256withRSA, Serial:2, Subject:CN=MySQL_Server_8.0.24_Auto_Generated_Server_Certificate, Issuer:CN=MySQL_Server_8.0.24_Auto_Generated_CA_Certificate, Key type:RSA, Length:2048, Cert Id:-1888161549, Valid from:Sat Sep 24 14:33:20 CST 2022, Valid until:Tue Sep 21 14:33:20 CST 2032
17:55:23.365 [Druid-ConnectionPool-Create-71148574] DEBUG jdk.event.security - [log,71] - X509Certificate: Alg:SHA256withRSA, Serial:1, Subject:CN=MySQL_Server_8.0.24_Auto_Generated_CA_Certificate, Issuer:CN=MySQL_Server_8.0.24_Auto_Generated_CA_Certificate, Key type:RSA, Length:2048, Cert Id:979197303, Valid from:Sat Sep 24 14:33:20 CST 2022, Valid until:Tue Sep 21 14:33:20 CST 2032
17:55:23.555 [Druid-ConnectionPool-Create-71148574] DEBUG jdk.event.security - [log,71] -  TLSHandshake: 192.168.10.53:53306, TLSv1.2, TLS_ECDHE_RSA_WITH_AES_256_GCM_SHA384, -1888161549
17:55:24.034 [main] DEBUG o.q.o.s.l.SpringLoader - [loadModels,150] - Associative method loading complete.
17:55:24.105 [main] INFO  o.q.o.s.TestModelJoin - [logStarted,61] - Started TestModelJoin in 3.974 seconds (JVM running for 4.563)
17:55:24.334 [main] ERROR o.q.orm.drive.Drive - [executeSql,230] - SQL execution error:Not unique table/alias: 'sys_app'
java.sql.SQLSyntaxErrorException: Not unique table/alias: 'sys_app'
	at com.mysql.cj.jdbc.exceptions.SQLError.createSQLException(SQLError.java:120)
	at com.mysql.cj.jdbc.exceptions.SQLExceptionsMapping.translateException(SQLExceptionsMapping.java:122)
	at com.mysql.cj.jdbc.StatementImpl.executeQuery(StatementImpl.java:1200)
	at com.alibaba.druid.pool.DruidPooledStatement.executeQuery(DruidPooledStatement.java:300)
	at org.quickjava.orm.drive.QuickConnection.select(QuickConnection.java:135)
	at org.quickjava.orm.drive.Drive.executeSql(Drive.java:223)
	at org.quickjava.orm.drive.Drive.executeSql(Drive.java:189)
	at org.quickjava.orm.query.QuerySet.executeSql(QuerySet.java:551)
	at org.quickjava.orm.query.QuerySet.count(QuerySet.java:620)
	at org.quickjava.orm.query.QuerySet.count(QuerySet.java:597)
	at org.quickjava.orm.query.QuerySet.pagination(QuerySet.java:576)
	at org.quickjava.orm.query.QuerySet.pagination(QuerySet.java:588)
	at org.quickjava.orm.wrapper.AbstractModelWrapper.pagination(AbstractModelWrapper.java:274)
	at org.quickjava.orm.wrapper.AbstractModelWrapper.pagination(AbstractModelWrapper.java:281)
	at org.quickjava.orm.spring.TestModelJoin.test1(TestModelJoin.java:91)
	at sun.reflect.NativeMethodAccessorImpl.invoke0(Native Method)
	at sun.reflect.NativeMethodAccessorImpl.invoke(NativeMethodAccessorImpl.java:62)
	at sun.reflect.DelegatingMethodAccessorImpl.invoke(DelegatingMethodAccessorImpl.java:43)
	at java.lang.reflect.Method.invoke(Method.java:498)
	at org.junit.runners.model.FrameworkMethod$1.runReflectiveCall(FrameworkMethod.java:50)
	at org.junit.internal.runners.model.ReflectiveCallable.run(ReflectiveCallable.java:12)
	at org.junit.runners.model.FrameworkMethod.invokeExplosively(FrameworkMethod.java:47)
	at org.junit.internal.runners.statements.InvokeMethod.evaluate(InvokeMethod.java:17)
	at org.springframework.test.context.junit4.statements.RunBeforeTestExecutionCallbacks.evaluate(RunBeforeTestExecutionCallbacks.java:74)
	at org.springframework.test.context.junit4.statements.RunAfterTestExecutionCallbacks.evaluate(RunAfterTestExecutionCallbacks.java:84)
	at org.springframework.test.context.junit4.statements.RunBeforeTestMethodCallbacks.evaluate(RunBeforeTestMethodCallbacks.java:75)
	at org.springframework.test.context.junit4.statements.RunAfterTestMethodCallbacks.evaluate(RunAfterTestMethodCallbacks.java:86)
	at org.springframework.test.context.junit4.statements.SpringRepeat.evaluate(SpringRepeat.java:84)
	at org.junit.runners.ParentRunner.runLeaf(ParentRunner.java:325)
	at org.springframework.test.context.junit4.SpringJUnit4ClassRunner.runChild(SpringJUnit4ClassRunner.java:251)
	at org.springframework.test.context.junit4.SpringJUnit4ClassRunner.runChild(SpringJUnit4ClassRunner.java:97)
	at org.junit.runners.ParentRunner$3.run(ParentRunner.java:290)
	at org.junit.runners.ParentRunner$1.schedule(ParentRunner.java:71)
	at org.junit.runners.ParentRunner.runChildren(ParentRunner.java:288)
	at org.junit.runners.ParentRunner.access$000(ParentRunner.java:58)
	at org.junit.runners.ParentRunner$2.evaluate(ParentRunner.java:268)
	at org.springframework.test.context.junit4.statements.RunBeforeTestClassCallbacks.evaluate(RunBeforeTestClassCallbacks.java:61)
	at org.springframework.test.context.junit4.statements.RunAfterTestClassCallbacks.evaluate(RunAfterTestClassCallbacks.java:70)
	at org.junit.runners.ParentRunner.run(ParentRunner.java:363)
	at org.springframework.test.context.junit4.SpringJUnit4ClassRunner.run(SpringJUnit4ClassRunner.java:190)
	at org.junit.runner.JUnitCore.run(JUnitCore.java:137)
	at com.intellij.junit4.JUnit4IdeaTestRunner.startRunnerWithArgs(JUnit4IdeaTestRunner.java:69)
	at com.intellij.rt.junit.IdeaTestRunner$Repeater$1.execute(IdeaTestRunner.java:38)
	at com.intellij.rt.execution.junit.TestsRepeater.repeat(TestsRepeater.java:11)
	at com.intellij.rt.junit.IdeaTestRunner$Repeater.startRunnerWithArgs(IdeaTestRunner.java:35)
	at com.intellij.rt.junit.JUnitStarter.prepareStreamsAndStart(JUnitStarter.java:232)
	at com.intellij.rt.junit.JUnitStarter.main(JUnitStarter.java:55)
17:55:24.334 [main] ERROR o.q.orm.drive.Drive - [executeSql,241] - SQL execution 64.5716ms: SELECT COUNT(*) FROM sso_app_favorite LEFT JOIN sys_app app ON sso_app_favorite.`appId` = app.`appId` LEFT JOIN sys_app app2 ON sso_app_favorite.`appId` = app2.`appId` LEFT JOIN sys_app aliasApp01 ON sso_app_favorite.`appId` = aliasApp01.`appId` LEFT JOIN sys_app ON app3.`appId` = sys_app.`appId` AND `appId` IS NOT NULL AND `open` = 1 AND `name` IS NOT NULL LEFT JOIN sys_app ON app4.`appId` = sys_app.`appId` AND app4.`appId` = sys_app.`appId` AND app4.`appId` = sys_app.`appId` LEFT JOIN sso_app_favorite ON sso_app_favorite.`appId` = sso_app_favorite.`appId` LEFT JOIN sso_app_favorite testAppInfo ON sso_app_favorite.`appId` = testAppInfo.`appId` WHERE sso_app_favorite.`user_id` = 1 AND sso_app_favorite.`user_id` != 0 AND app.`app_id` = 1 AND app.`app_id` = 1 AND testAppInfo.`app_id` = 1 AND aliasApp01.`app_id` = 1 AND app3.`app_id` = 1
17:55:24.342 [SpringApplicationShutdownHook] INFO  c.a.d.p.DruidDataSource - [close,2138] - {dataSource-1} closing ...
17:55:24.344 [SpringApplicationShutdownHook] INFO  c.a.d.p.DruidDataSource - [close,2211] - {dataSource-1} closed
17:56:22.627 [main] INFO  o.q.o.s.TestModelJoin - [logStarting,55] - Starting TestModelJoin using Java 1.8.0_291 on DESKTOP-6BAV2RA with PID 28384 (started by QloPC-TBK in E:\Long_File\gits\quickjava\quickjava\quickjava-orm-boot-starter)
17:56:22.630 [main] DEBUG o.q.o.s.TestModelJoin - [logStarting,56] - Running with Spring Boot v2.5.15, Spring v5.3.29
17:56:22.631 [main] INFO  o.q.o.s.TestModelJoin - [logStartupProfileInfo,680] - No active profile set, falling back to 1 default profile: "default"
17:56:22.956 [main] DEBUG c.b.m.a.MybatisPlusAutoConfiguration - [registerBeanDefinitions,278] - Searching for mappers annotated with @Mapper
17:56:22.958 [main] DEBUG c.b.m.a.MybatisPlusAutoConfiguration - [lambda$registerBeanDefinitions$0,282] - Using auto-configuration base package 'org.quickjava.orm.spring'
17:56:23.023 [main] DEBUG o.a.i.l.LogFactory - [setImplementation,105] - Logging initialized using 'class org.apache.ibatis.logging.slf4j.Slf4jImpl' adapter.
17:56:23.027 [main] WARN  o.m.s.m.ClassPathMapperScanner - [warn,44] - No MyBatis mapper was found in '[org.quickjava.orm.spring]' package. Please check your configuration.
17:56:23.174 [main] DEBUG o.a.c.c.AprLifecycleListener - [log,175] - The Apache Tomcat Native library could not be found using names [tcnative-2, libtcnative-2, tcnative-1, libtcnative-1] on the java.library.path [D:\Program Files\Java\jdk1.8.0_291\bin;C:\WINDOWS\Sun\Java\bin;C:\WINDOWS\system32;C:\WINDOWS;C:\Program Files\Common Files\Oracle\Java\javapath;C:\Windows\system32;C:\Windows;C:\Windows\System32\Wbem;C:\Windows\System32\WindowsPowerShell\v1.0\;C:\Windows\System32\OpenSSH\;C:\Program Files (x86)\NVIDIA Corporation\PhysX\Common;D:\Program Files\Java\jdk1.8.0_291\bin;D:\Program Files (x86)\NetSarang\Xmanager 7\;D:\Program Files (x86)\NetSarang\Xshell 7\;D:\Program Files (x86)\NetSarang\Xftp 7\;D:\Program Files (x86)\NetSarang\Xlpd 7\;D:\Program Files\Go1211\bin;C:\Users\QloPC-TBK\AppData\Roaming\Python\Python38\Scripts;D:\BtSoft\panel\script;D:\Program Files (x86)\Tencent\微信web开发者工具\dll;D:\Program Files\Git\cmd;D:\JavaWeb\maven3\bin;D:\Program Files (x86)\Gpg4win\..\GnuPG\bin;C:\Program Files\TortoiseSVN\bin;D:\msys64\mingw64\bin;C:\Program Files\Microsoft SQL Server\150\Tools\Binn\;D:\Windows Kits\10\Windows Performance Toolkit\;C:\ProgramData\ComposerSetup\bin;D:\phpstudy_pro\Extensions\php\php8.0.2nts;D:\develop\nvm;C:\Program Files\nodejs;D:\Android\SDK\platform-tools;D:\Program Files\CMake\bin;D:\JavaWeb\gradle-8.8\bin;D:\develop\ninja-win;C:\WINDOWS\system32;C:\WINDOWS;C:\WINDOWS\System32\Wbem;C:\WINDOWS\System32\WindowsPowerShell\v1.0\;C:\WINDOWS\System32\OpenSSH\;C:\Program Files\nodejs\node_global;C:\Program Files\dotnet\;D:\Program Files (x86)\pcsuite\;D:\ProgramData\anaconda3\condabin;C:\Users\QloPC-TBK\AppData\Local\Microsoft\WindowsApps;C:\Users\QloPC-TBK\go\bin;C:\Users\QloPC-TBK\AppData\Roaming\Composer\vendor\bin;D:\develop\nvm;C:\Program Files\nodejs;;.]. The errors reported were [Can't load library: E:\Long_File\gits\quickjava\quickjava\quickjava-orm-boot-starter\bin\tcnative-2.dll, Can't load library: E:\Long_File\gits\quickjava\quickjava\quickjava-orm-boot-starter\bin\libtcnative-2.dll, Can't load library: E:\Long_File\gits\quickjava\quickjava\quickjava-orm-boot-starter\bin\tcnative-1.dll, Can't load library: E:\Long_File\gits\quickjava\quickjava\quickjava-orm-boot-starter\bin\libtcnative-1.dll, no tcnative-2 in java.library.path, no libtcnative-2 in java.library.path, no tcnative-1 in java.library.path, no libtcnative-1 in java.library.path]
org.apache.tomcat.jni.LibraryNotFoundError: Can't load library: E:\Long_File\gits\quickjava\quickjava\quickjava-orm-boot-starter\bin\tcnative-2.dll, Can't load library: E:\Long_File\gits\quickjava\quickjava\quickjava-orm-boot-starter\bin\libtcnative-2.dll, Can't load library: E:\Long_File\gits\quickjava\quickjava\quickjava-orm-boot-starter\bin\tcnative-1.dll, Can't load library: E:\Long_File\gits\quickjava\quickjava\quickjava-orm-boot-starter\bin\libtcnative-1.dll, no tcnative-2 in java.library.path, no libtcnative-2 in java.library.path, no tcnative-1 in java.library.path, no libtcnative-1 in java.library.path
	at org.apache.tomcat.jni.Library.<init>(Library.java:91)
	at org.apache.tomcat.jni.Library.initialize(Library.java:232)
	at org.apache.catalina.core.AprLifecycleListener.init(AprLifecycleListener.java:194)
	at org.apache.catalina.core.AprLifecycleListener.isAprAvailable(AprLifecycleListener.java:107)
	at org.springframework.boot.web.embedded.tomcat.TomcatServletWebServerFactory.getDefaultServerLifecycleListeners(TomcatServletWebServerFactory.java:175)
	at org.springframework.boot.web.embedded.tomcat.TomcatServletWebServerFactory.<init>(TomcatServletWebServerFactory.java:122)
	at org.springframework.boot.autoconfigure.web.servlet.ServletWebServerFactoryConfiguration$EmbeddedTomcat.tomcatServletWebServerFactory(ServletWebServerFactoryConfiguration.java:76)
	at sun.reflect.NativeMethodAccessorImpl.invoke0(Native Method)
	at sun.reflect.NativeMethodAccessorImpl.invoke(NativeMethodAccessorImpl.java:62)
	at sun.reflect.DelegatingMethodAccessorImpl.invoke(DelegatingMethodAccessorImpl.java:43)
	at java.lang.reflect.Method.invoke(Method.java:498)
	at org.springframework.beans.factory.support.SimpleInstantiationStrategy.instantiate(SimpleInstantiationStrategy.java:154)
	at org.springframework.beans.factory.support.ConstructorResolver.instantiate(ConstructorResolver.java:653)
	at org.springframework.beans.factory.support.ConstructorResolver.instantiateUsingFactoryMethod(ConstructorResolver.java:638)
	at org.springframework.beans.factory.support.AbstractAutowireCapableBeanFactory.instantiateUsingFactoryMethod(AbstractAutowireCapableBeanFactory.java:1352)
	at org.springframework.beans.factory.support.AbstractAutowireCapableBeanFactory.createBeanInstance(AbstractAutowireCapableBeanFactory.java:1195)
	at org.springframework.beans.factory.support.AbstractAutowireCapableBeanFactory.doCreateBean(AbstractAutowireCapableBeanFactory.java:582)
	at org.springframework.beans.factory.support.AbstractAutowireCapableBeanFactory.createBean(AbstractAutowireCapableBeanFactory.java:542)
	at org.springframework.beans.factory.support.AbstractBeanFactory.lambda$doGetBean$0(AbstractBeanFactory.java:335)
	at org.springframework.beans.factory.support.DefaultSingletonBeanRegistry.getSingleton(DefaultSingletonBeanRegistry.java:234)
	at org.springframework.beans.factory.support.AbstractBeanFactory.doGetBean(AbstractBeanFactory.java:333)
	at org.springframework.beans.factory.support.AbstractBeanFactory.getBean(AbstractBeanFactory.java:208)
	at org.springframework.beans.factory.support.DefaultListableBeanFactory.preInstantiateSingletons(DefaultListableBeanFactory.java:955)
	at org.springframework.context.support.AbstractApplicationContext.finishBeanFactoryInitialization(AbstractApplicationContext.java:921)
	at org.springframework.context.support.AbstractApplicationContext.refresh(AbstractApplicationContext.java:583)
	at org.springframework.boot.SpringApplication.refresh(SpringApplication.java:780)
	at org.springframework.boot.SpringApplication.refreshContext(SpringApplication.java:453)
	at org.springframework.boot.SpringApplication.run(SpringApplication.java:343)
	at org.springframework.boot.test.context.SpringBootContextLoader.loadContext(SpringBootContextLoader.java:136)
	at org.springframework.test.context.cache.DefaultCacheAwareContextLoaderDelegate.loadContextInternal(DefaultCacheAwareContextLoaderDelegate.java:141)
	at org.springframework.test.context.cache.DefaultCacheAwareContextLoaderDelegate.loadContext(DefaultCacheAwareContextLoaderDelegate.java:90)
	at org.springframework.test.context.support.DefaultTestContext.getApplicationContext(DefaultTestContext.java:124)
	at org.springframework.test.context.web.ServletTestExecutionListener.setUpRequestContextIfNecessary(ServletTestExecutionListener.java:190)
	at org.springframework.test.context.web.ServletTestExecutionListener.prepareTestInstance(ServletTestExecutionListener.java:132)
	at org.springframework.test.context.TestContextManager.prepareTestInstance(TestContextManager.java:248)
	at org.springframework.test.context.junit4.SpringJUnit4ClassRunner.createTest(SpringJUnit4ClassRunner.java:227)
	at org.springframework.test.context.junit4.SpringJUnit4ClassRunner$1.runReflectiveCall(SpringJUnit4ClassRunner.java:289)
	at org.junit.internal.runners.model.ReflectiveCallable.run(ReflectiveCallable.java:12)
	at org.springframework.test.context.junit4.SpringJUnit4ClassRunner.methodBlock(SpringJUnit4ClassRunner.java:291)
	at org.springframework.test.context.junit4.SpringJUnit4ClassRunner.runChild(SpringJUnit4ClassRunner.java:246)
	at org.springframework.test.context.junit4.SpringJUnit4ClassRunner.runChild(SpringJUnit4ClassRunner.java:97)
	at org.junit.runners.ParentRunner$3.run(ParentRunner.java:290)
	at org.junit.runners.ParentRunner$1.schedule(ParentRunner.java:71)
	at org.junit.runners.ParentRunner.runChildren(ParentRunner.java:288)
	at org.junit.runners.ParentRunner.access$000(ParentRunner.java:58)
	at org.junit.runners.ParentRunner$2.evaluate(ParentRunner.java:268)
	at org.springframework.test.context.junit4.statements.RunBeforeTestClassCallbacks.evaluate(RunBeforeTestClassCallbacks.java:61)
	at org.springframework.test.context.junit4.statements.RunAfterTestClassCallbacks.evaluate(RunAfterTestClassCallbacks.java:70)
	at org.junit.runners.ParentRunner.run(ParentRunner.java:363)
	at org.springframework.test.context.junit4.SpringJUnit4ClassRunner.run(SpringJUnit4ClassRunner.java:190)
	at org.junit.runner.JUnitCore.run(JUnitCore.java:137)
	at com.intellij.junit4.JUnit4IdeaTestRunner.startRunnerWithArgs(JUnit4IdeaTestRunner.java:69)
	at com.intellij.rt.junit.IdeaTestRunner$Repeater$1.execute(IdeaTestRunner.java:38)
	at com.intellij.rt.execution.junit.TestsRepeater.repeat(TestsRepeater.java:11)
	at com.intellij.rt.junit.IdeaTestRunner$Repeater.startRunnerWithArgs(IdeaTestRunner.java:35)
	at com.intellij.rt.junit.JUnitStarter.prepareStreamsAndStart(JUnitStarter.java:232)
	at com.intellij.rt.junit.JUnitStarter.main(JUnitStarter.java:55)
17:56:23.504 [main] DEBUG _.s.w.s.H.Mappings - [detectHandlerMethods,295] - 
	o.s.b.a.w.s.e.BasicErrorController:
	{ [/error]}: error(HttpServletRequest)
	{ [/error], produces [text/html]}: errorHtml(HttpServletRequest,HttpServletResponse)
17:56:23.553 [main] DEBUG _.s.w.s.H.Mappings - [detectHandlers,86] - 'beanNameHandlerMapping' {}
17:56:23.576 [main] DEBUG _.s.w.s.H.Mappings - [logMappings,177] - 'resourceHandlerMapping' {/webjars/**=ResourceHttpRequestHandler [classpath [META-INF/resources/webjars/]], /**=ResourceHttpRequestHandler [classpath [META-INF/resources/], classpath [resources/], classpath [static/], classpath [public/], ServletContext [/]]}
17:56:23.667 [main] INFO  c.a.d.s.b.a.DruidDataSourceAutoConfigure - [dataSource,55] - Init DruidDataSource
17:56:23.825 [main] INFO  c.a.d.p.DruidDataSource - [init,996] - {dataSource-1} inited
17:56:23.834 [main] DEBUG c.b.m.a.MybatisPlusAutoConfiguration - [afterPropertiesSet,314] - Not found configuration for registering mapper bean using @MapperScan, MapperFactoryBean and MapperScannerConfigurer.
17:56:23.879 [main] DEBUG c.b.m.e.s.MybatisSqlSessionFactoryBean - [debug,49] - Property 'mapperLocations' was not specified.
17:56:24.478 [main] DEBUG o.q.o.s.l.SpringLoader - [loadModels,119] - Load model entities, in package: org.quickjava.orm.spring
17:56:24.479 [main] DEBUG o.q.o.s.l.SpringLoader - [loadModels,142] - Load completed 0 models.
17:56:24.484 [main] DEBUG o.q.o.s.l.SpringLoader - [lambda$loadModels$0,131] - Load model entity: org.quickjava.orm.spring.domain.entity.Article
17:56:24.525 [main] DEBUG o.q.orm.model.Model - [initModel,979] - cache model meta. clazz=class org.quickjava.orm.spring.domain.entity.Article
17:56:24.527 [main] DEBUG o.q.o.s.l.SpringLoader - [lambda$loadModels$0,131] - Load model entity: org.quickjava.orm.spring.domain.entity.ArticleTag
17:56:24.528 [main] DEBUG o.q.orm.model.Model - [initModel,979] - cache model meta. clazz=class org.quickjava.orm.spring.domain.entity.ArticleTag
17:56:24.529 [main] DEBUG o.q.o.s.l.SpringLoader - [lambda$loadModels$0,131] - Load model entity: org.quickjava.orm.spring.domain.entity.BaseSimpleEntity
17:56:24.530 [main] DEBUG o.q.orm.model.Model - [initModel,979] - cache model meta. clazz=class org.quickjava.orm.spring.domain.entity.BaseSimpleEntity
17:56:24.530 [main] DEBUG o.q.o.s.l.SpringLoader - [lambda$loadModels$0,131] - Load model entity: org.quickjava.orm.spring.domain.entity.Comment
17:56:24.530 [main] DEBUG o.q.orm.model.Model - [initModel,979] - cache model meta. clazz=class org.quickjava.orm.spring.domain.entity.Comment
17:56:24.531 [main] DEBUG o.q.o.s.l.SpringLoader - [lambda$loadModels$0,131] - Load model entity: org.quickjava.orm.spring.domain.entity.SysApp
17:56:24.533 [main] DEBUG o.q.orm.model.Model - [initModel,979] - cache model meta. clazz=class org.quickjava.orm.spring.domain.entity.SysApp
17:56:24.534 [main] DEBUG o.q.o.s.l.SpringLoader - [lambda$loadModels$0,131] - Load model entity: org.quickjava.orm.spring.domain.entity.SysAppFavoriteModel
17:56:24.534 [main] DEBUG o.q.orm.model.Model - [initModel,979] - cache model meta. clazz=class org.quickjava.orm.spring.domain.entity.SysAppFavoriteModel
17:56:24.535 [main] DEBUG o.q.o.s.l.SpringLoader - [lambda$loadModels$0,131] - Load model entity: org.quickjava.orm.spring.domain.entity.SysAppLatest
17:56:24.535 [main] DEBUG o.q.orm.model.Model - [initModel,979] - cache model meta. clazz=class org.quickjava.orm.spring.domain.entity.SysAppLatest
17:56:24.536 [main] DEBUG o.q.o.s.l.SpringLoader - [lambda$loadModels$0,131] - Load model entity: org.quickjava.orm.spring.domain.entity.SysUser
17:56:24.536 [main] DEBUG o.q.orm.model.Model - [initModel,979] - cache model meta. clazz=class org.quickjava.orm.spring.domain.entity.SysUser
17:56:24.537 [main] DEBUG o.q.o.s.l.SpringLoader - [lambda$loadModels$0,131] - Load model entity: org.quickjava.orm.spring.domain.entity.User
17:56:24.538 [main] DEBUG o.q.orm.model.Model - [initModel,979] - cache model meta. clazz=class org.quickjava.orm.spring.domain.entity.User
17:56:24.798 [Druid-ConnectionPool-Create-1484982263] DEBUG jdk.event.security - [log,71] - X509Certificate: Alg:SHA1withDSA, Serial:10, Subject:CN=JCE Code Signing CA, OU=Java Software Code Signing, O=Sun Microsystems Inc, L=Palo Alto, ST=CA, C=US, Issuer:CN=JCE Code Signing CA, OU=Java Software Code Signing, O=Sun Microsystems Inc, L=Palo Alto, ST=CA, C=US, Key type:DSA, Length:1024, Cert Id:1776909028, Valid from:Wed Apr 25 15:00:00 CST 2001, Valid until:Sat Apr 25 15:00:00 CST 2020
17:56:24.798 [Druid-ConnectionPool-Create-1484982263] DEBUG jdk.event.security - [log,71] - X509Certificate: Alg:SHA1withDSA, Serial:40216811, Subject:CN=JCE Code Signing CA, OU=IBM Code Signing, O=IBM Corporation, C=US, Issuer:CN=JCE Code Signing CA, OU=IBM Code Signing, O=IBM Corporation, C=US, Key type:DSA, Length:1024, Cert Id:-1826632887, Valid from:Thu Feb 05 05:45:53 CST 2004, Valid until:Wed May 27 04:45:53 CST 2020
17:56:25.093 [Druid-ConnectionPool-Create-1484982263] DEBUG jdk.event.security - [log,71] - X509Certificate: Alg:SHA1withDSA, Serial:37f939e5, Subject:CN=JCE Development, OU=Java Software, O=Sun Microsystems, L=Cupertino, ST=CA, C=US, Issuer:CN=JCE Development, OU=Java Software, O=Sun Microsystems, L=Cupertino, ST=CA, C=US, Key type:DSA, Length:1024, Cert Id:437846785, Valid from:Tue Oct 05 07:36:05 CST 1999, Valid until:Wed Oct 04 07:36:05 CST 2000
17:56:25.093 [Druid-ConnectionPool-Create-1484982263] DEBUG jdk.event.security - [log,71] - X509Certificate: Alg:MD5withRSA, Serial:1, Subject:CN=JCE Development, OU=Java Software, O=Sun Microsystems, L=Cupertino, ST=CA, C=US, Issuer:CN=JCE Development, OU=Java Software, O=Sun Microsystems, L=Cupertino, ST=CA, C=US, Key type:RSA, Length:512, Cert Id:-349125968, Valid from:Thu Oct 31 23:27:44 CST 2002, Valid until:Wed Oct 31 23:27:44 CST 2007
17:56:25.093 [Druid-ConnectionPool-Create-1484982263] DEBUG jdk.event.security - [log,71] - X509Certificate: Alg:MD5withRSA, Serial:2, Subject:CN=JCE Development, OU=Java Software, O=Sun Microsystems, L=Cupertino, ST=CA, C=US, Issuer:CN=JCE Development, OU=Java Software, O=Sun Microsystems, L=Cupertino, ST=CA, C=US, Key type:RSA, Length:512, Cert Id:1200127482, Valid from:Thu Oct 31 23:27:44 CST 2002, Valid until:Wed Oct 31 23:27:44 CST 2007
17:56:25.708 [Druid-ConnectionPool-Create-1484982263] DEBUG jdk.event.security - [log,71] - X509Certificate: Alg:SHA256withRSA, Serial:2, Subject:CN=MySQL_Server_8.0.24_Auto_Generated_Server_Certificate, Issuer:CN=MySQL_Server_8.0.24_Auto_Generated_CA_Certificate, Key type:RSA, Length:2048, Cert Id:-1888161549, Valid from:Sat Sep 24 14:33:20 CST 2022, Valid until:Tue Sep 21 14:33:20 CST 2032
17:56:25.709 [Druid-ConnectionPool-Create-1484982263] DEBUG jdk.event.security - [log,71] - X509Certificate: Alg:SHA256withRSA, Serial:1, Subject:CN=MySQL_Server_8.0.24_Auto_Generated_CA_Certificate, Issuer:CN=MySQL_Server_8.0.24_Auto_Generated_CA_Certificate, Key type:RSA, Length:2048, Cert Id:979197303, Valid from:Sat Sep 24 14:33:20 CST 2022, Valid until:Tue Sep 21 14:33:20 CST 2032
17:56:25.914 [Druid-ConnectionPool-Create-1484982263] DEBUG jdk.event.security - [log,71] -  TLSHandshake: 192.168.10.53:53306, TLSv1.2, TLS_ECDHE_RSA_WITH_AES_256_GCM_SHA384, -1888161549
17:56:26.456 [main] DEBUG o.q.o.s.l.SpringLoader - [loadModels,150] - Associative method loading complete.
17:56:26.530 [main] INFO  o.q.o.s.TestModelJoin - [logStarted,61] - Started TestModelJoin in 4.096 seconds (JVM running for 4.714)
17:56:26.766 [main] ERROR o.q.orm.drive.Drive - [executeSql,230] - SQL execution error:Not unique table/alias: 'sys_app'
java.sql.SQLSyntaxErrorException: Not unique table/alias: 'sys_app'
	at com.mysql.cj.jdbc.exceptions.SQLError.createSQLException(SQLError.java:120)
	at com.mysql.cj.jdbc.exceptions.SQLExceptionsMapping.translateException(SQLExceptionsMapping.java:122)
	at com.mysql.cj.jdbc.StatementImpl.executeQuery(StatementImpl.java:1200)
	at com.alibaba.druid.pool.DruidPooledStatement.executeQuery(DruidPooledStatement.java:300)
	at org.quickjava.orm.drive.QuickConnection.select(QuickConnection.java:135)
	at org.quickjava.orm.drive.Drive.executeSql(Drive.java:223)
	at org.quickjava.orm.drive.Drive.executeSql(Drive.java:189)
	at org.quickjava.orm.query.QuerySet.executeSql(QuerySet.java:551)
	at org.quickjava.orm.query.QuerySet.count(QuerySet.java:620)
	at org.quickjava.orm.query.QuerySet.count(QuerySet.java:597)
	at org.quickjava.orm.query.QuerySet.pagination(QuerySet.java:576)
	at org.quickjava.orm.query.QuerySet.pagination(QuerySet.java:588)
	at org.quickjava.orm.wrapper.AbstractModelWrapper.pagination(AbstractModelWrapper.java:274)
	at org.quickjava.orm.wrapper.AbstractModelWrapper.pagination(AbstractModelWrapper.java:281)
	at org.quickjava.orm.spring.TestModelJoin.test1(TestModelJoin.java:91)
	at sun.reflect.NativeMethodAccessorImpl.invoke0(Native Method)
	at sun.reflect.NativeMethodAccessorImpl.invoke(NativeMethodAccessorImpl.java:62)
	at sun.reflect.DelegatingMethodAccessorImpl.invoke(DelegatingMethodAccessorImpl.java:43)
	at java.lang.reflect.Method.invoke(Method.java:498)
	at org.junit.runners.model.FrameworkMethod$1.runReflectiveCall(FrameworkMethod.java:50)
	at org.junit.internal.runners.model.ReflectiveCallable.run(ReflectiveCallable.java:12)
	at org.junit.runners.model.FrameworkMethod.invokeExplosively(FrameworkMethod.java:47)
	at org.junit.internal.runners.statements.InvokeMethod.evaluate(InvokeMethod.java:17)
	at org.springframework.test.context.junit4.statements.RunBeforeTestExecutionCallbacks.evaluate(RunBeforeTestExecutionCallbacks.java:74)
	at org.springframework.test.context.junit4.statements.RunAfterTestExecutionCallbacks.evaluate(RunAfterTestExecutionCallbacks.java:84)
	at org.springframework.test.context.junit4.statements.RunBeforeTestMethodCallbacks.evaluate(RunBeforeTestMethodCallbacks.java:75)
	at org.springframework.test.context.junit4.statements.RunAfterTestMethodCallbacks.evaluate(RunAfterTestMethodCallbacks.java:86)
	at org.springframework.test.context.junit4.statements.SpringRepeat.evaluate(SpringRepeat.java:84)
	at org.junit.runners.ParentRunner.runLeaf(ParentRunner.java:325)
	at org.springframework.test.context.junit4.SpringJUnit4ClassRunner.runChild(SpringJUnit4ClassRunner.java:251)
	at org.springframework.test.context.junit4.SpringJUnit4ClassRunner.runChild(SpringJUnit4ClassRunner.java:97)
	at org.junit.runners.ParentRunner$3.run(ParentRunner.java:290)
	at org.junit.runners.ParentRunner$1.schedule(ParentRunner.java:71)
	at org.junit.runners.ParentRunner.runChildren(ParentRunner.java:288)
	at org.junit.runners.ParentRunner.access$000(ParentRunner.java:58)
	at org.junit.runners.ParentRunner$2.evaluate(ParentRunner.java:268)
	at org.springframework.test.context.junit4.statements.RunBeforeTestClassCallbacks.evaluate(RunBeforeTestClassCallbacks.java:61)
	at org.springframework.test.context.junit4.statements.RunAfterTestClassCallbacks.evaluate(RunAfterTestClassCallbacks.java:70)
	at org.junit.runners.ParentRunner.run(ParentRunner.java:363)
	at org.springframework.test.context.junit4.SpringJUnit4ClassRunner.run(SpringJUnit4ClassRunner.java:190)
	at org.junit.runner.JUnitCore.run(JUnitCore.java:137)
	at com.intellij.junit4.JUnit4IdeaTestRunner.startRunnerWithArgs(JUnit4IdeaTestRunner.java:69)
	at com.intellij.rt.junit.IdeaTestRunner$Repeater$1.execute(IdeaTestRunner.java:38)
	at com.intellij.rt.execution.junit.TestsRepeater.repeat(TestsRepeater.java:11)
	at com.intellij.rt.junit.IdeaTestRunner$Repeater.startRunnerWithArgs(IdeaTestRunner.java:35)
	at com.intellij.rt.junit.JUnitStarter.prepareStreamsAndStart(JUnitStarter.java:232)
	at com.intellij.rt.junit.JUnitStarter.main(JUnitStarter.java:55)
17:56:26.766 [main] ERROR o.q.orm.drive.Drive - [executeSql,241] - SQL execution 73.4975ms: SELECT COUNT(*) FROM sso_app_favorite LEFT JOIN sys_app app ON sso_app_favorite.`appId` = app.`appId` LEFT JOIN sys_app app2 ON sso_app_favorite.`appId` = app2.`appId` LEFT JOIN sys_app aliasApp01 ON sso_app_favorite.`appId` = aliasApp01.`appId` LEFT JOIN sys_app ON app3.`appId` = sys_app.`appId` AND `appId` IS NOT NULL AND `open` = 1 AND `name` IS NOT NULL LEFT JOIN sys_app ON app4.`appId` = sys_app.`appId` AND app4.`appId` = sys_app.`appId` AND app4.`appId` = sys_app.`appId` LEFT JOIN sso_app_favorite ON sso_app_favorite.`appId` = sso_app_favorite.`appId` LEFT JOIN sso_app_favorite testAppInfo ON sso_app_favorite.`appId` = testAppInfo.`appId` WHERE sso_app_favorite.`user_id` = 1 AND sso_app_favorite.`user_id` != 0 AND app.`app_id` = 1 AND app.`app_id` = 1 AND testAppInfo.`app_id` = 1 AND aliasApp01.`app_id` = 1 AND app3.`app_id` = 1
17:56:26.774 [SpringApplicationShutdownHook] INFO  c.a.d.p.DruidDataSource - [close,2138] - {dataSource-1} closing ...
17:56:26.777 [SpringApplicationShutdownHook] INFO  c.a.d.p.DruidDataSource - [close,2211] - {dataSource-1} closed
